<?xml version="1.0" encoding="UTF-8"?>
<testng-results ignored="0" total="1" passed="1" failed="0" skipped="0">
  <reporter-output>
  </reporter-output>
  <suite started-at="2023-01-11T12:15:25 IST" name="Default suite" finished-at="2023-01-11T12:15:36 IST" duration-ms="11610">
    <groups>
    </groups>
    <test started-at="2023-01-11T12:15:25 IST" name="Default test" finished-at="2023-01-11T12:15:36 IST" duration-ms="11610">
      <class name="AUTOIT.c1">
        <test-method signature="filep()[pri:0, instance:AUTOIT.c1@7adda9cc]" started-at="2023-01-11T12:15:25 IST" name="filep" finished-at="2023-01-11T12:15:36 IST" duration-ms="11559" status="PASS">
          <reporter-output>
          </reporter-output>
        </test-method> <!-- filep -->
      </class> <!-- AUTOIT.c1 -->
    </test> <!-- Default test -->
  </suite> <!-- Default suite -->
</testng-results>
